{"contracts/mocks/mocks.sol":{"l":{},"path":"/home/jaseempk/My-Projects/hardhat-smartcontract-raffle/contracts/mocks/mocks.sol","s":{},"b":{},"f":{},"fnMap":{},"statementMap":{},"branchMap":{}},"contracts/Raffle.sol":{"l":{"58":3,"59":3,"60":3,"61":3,"62":3,"63":3,"64":3,"65":3,"69":9,"70":1,"72":8,"73":0,"75":8,"76":8,"87":7,"88":7,"89":7,"90":7,"91":7,"92":7,"96":3,"97":3,"98":0,"104":3,"105":3,"112":3,"123":0,"124":0,"125":0,"126":0,"127":0,"128":0,"129":0,"130":0,"131":0,"133":0,"170":12,"174":11,"178":1},"path":"/home/jaseempk/My-Projects/hardhat-smartcontract-raffle/contracts/Raffle.sol","s":{"1":3,"2":3,"3":3,"4":3,"5":3,"6":3,"7":3,"8":3,"9":9,"10":8,"11":8,"12":8,"13":7,"14":7,"15":7,"16":7,"17":7,"18":7,"19":3,"20":3,"21":3,"22":3,"23":3,"24":0,"25":0,"26":0,"27":0,"28":0,"29":0,"30":0,"31":0,"32":0,"33":12,"34":11,"35":1},"b":{"1":[1,8],"2":[0,8],"3":[0,3],"4":[0,0]},"f":{"1":3,"2":9,"3":7,"4":3,"5":0,"6":0,"7":0,"8":0,"9":0,"10":0,"11":0,"12":0,"13":0,"14":0,"15":0,"16":12,"17":11,"18":1},"fnMap":{"1":{"name":"constructor","line":57,"loc":{"start":{"line":50,"column":4},"end":{"line":66,"column":4}}},"2":{"name":"enterRaffle","line":68,"loc":{"start":{"line":68,"column":4},"end":{"line":77,"column":4}}},"3":{"name":"checkUpkeep","line":84,"loc":{"start":{"line":84,"column":4},"end":{"line":93,"column":4}}},"4":{"name":"performUpkeep","line":95,"loc":{"start":{"line":95,"column":4},"end":{"line":113,"column":4}}},"5":{"name":"fulfillRandomWords","line":119,"loc":{"start":{"line":119,"column":4},"end":{"line":134,"column":4}}},"6":{"name":"getRequestConfig","line":136,"loc":{"start":{"line":136,"column":4},"end":{"line":136,"column":99}}},"7":{"name":"requestRandomWords","line":138,"loc":{"start":{"line":138,"column":4},"end":{"line":144,"column":53}}},"8":{"name":"createSubscription","line":146,"loc":{"start":{"line":146,"column":4},"end":{"line":146,"column":76}}},"9":{"name":"getSubscription","line":148,"loc":{"start":{"line":148,"column":4},"end":{"line":155,"column":5}}},"10":{"name":"requestSubscriptionOwnerTransfer","line":157,"loc":{"start":{"line":157,"column":4},"end":{"line":157,"column":97}}},"11":{"name":"acceptSubscriptionOwnerTransfer","line":159,"loc":{"start":{"line":159,"column":4},"end":{"line":159,"column":78}}},"12":{"name":"addConsumer","line":161,"loc":{"start":{"line":161,"column":4},"end":{"line":161,"column":76}}},"13":{"name":"removeConsumer","line":163,"loc":{"start":{"line":163,"column":4},"end":{"line":163,"column":79}}},"14":{"name":"cancelSubscription","line":165,"loc":{"start":{"line":165,"column":4},"end":{"line":165,"column":77}}},"15":{"name":"pendingRequestExists","line":167,"loc":{"start":{"line":167,"column":4},"end":{"line":167,"column":87}}},"16":{"name":"getRaffleState","line":169,"loc":{"start":{"line":169,"column":4},"end":{"line":171,"column":4}}},"17":{"name":"getInterval","line":173,"loc":{"start":{"line":173,"column":4},"end":{"line":175,"column":4}}},"18":{"name":"getPlayer","line":177,"loc":{"start":{"line":177,"column":4},"end":{"line":179,"column":4}}}},"statementMap":{"1":{"start":{"line":58,"column":8},"end":{"line":58,"column":69}},"2":{"start":{"line":59,"column":8},"end":{"line":59,"column":40}},"3":{"start":{"line":60,"column":8},"end":{"line":60,"column":26}},"4":{"start":{"line":61,"column":8},"end":{"line":61,"column":28}},"5":{"start":{"line":62,"column":8},"end":{"line":62,"column":44}},"6":{"start":{"line":63,"column":8},"end":{"line":63,"column":34}},"7":{"start":{"line":64,"column":8},"end":{"line":64,"column":40}},"8":{"start":{"line":65,"column":8},"end":{"line":65,"column":39}},"9":{"start":{"line":69,"column":8},"end":{"line":69,"column":2255}},"10":{"start":{"line":72,"column":8},"end":{"line":72,"column":2349}},"11":{"start":{"line":75,"column":8},"end":{"line":75,"column":42}},"12":{"start":{"line":76,"column":8},"end":{"line":76,"column":36}},"13":{"start":{"line":87,"column":8},"end":{"line":87,"column":55}},"14":{"start":{"line":88,"column":8},"end":{"line":88,"column":46}},"15":{"start":{"line":89,"column":8},"end":{"line":89,"column":51}},"16":{"start":{"line":90,"column":8},"end":{"line":90,"column":70}},"17":{"start":{"line":91,"column":8},"end":{"line":91,"column":68}},"18":{"start":{"line":92,"column":8},"end":{"line":92,"column":36}},"19":{"start":{"line":96,"column":8},"end":{"line":96,"column":47}},"20":{"start":{"line":97,"column":8},"end":{"line":97,"column":3440}},"21":{"start":{"line":104,"column":8},"end":{"line":104,"column":46}},"22":{"start":{"line":105,"column":8},"end":{"line":105,"column":3697}},"23":{"start":{"line":112,"column":8},"end":{"line":112,"column":45}},"24":{"start":{"line":123,"column":8},"end":{"line":123,"column":65}},"25":{"start":{"line":124,"column":8},"end":{"line":124,"column":63}},"26":{"start":{"line":125,"column":8},"end":{"line":125,"column":36}},"27":{"start":{"line":126,"column":8},"end":{"line":126,"column":43}},"28":{"start":{"line":127,"column":8},"end":{"line":127,"column":39}},"29":{"start":{"line":128,"column":8},"end":{"line":128,"column":40}},"30":{"start":{"line":129,"column":8},"end":{"line":129,"column":78}},"31":{"start":{"line":130,"column":8},"end":{"line":130,"column":4650}},"32":{"start":{"line":133,"column":8},"end":{"line":133,"column":44}},"33":{"start":{"line":170,"column":8},"end":{"line":170,"column":28}},"34":{"start":{"line":174,"column":8},"end":{"line":174,"column":25}},"35":{"start":{"line":178,"column":8},"end":{"line":178,"column":31}}},"branchMap":{"1":{"line":69,"type":"if","locations":[{"start":{"line":69,"column":8},"end":{"line":69,"column":8}},{"start":{"line":69,"column":8},"end":{"line":69,"column":8}}]},"2":{"line":72,"type":"if","locations":[{"start":{"line":72,"column":8},"end":{"line":72,"column":8}},{"start":{"line":72,"column":8},"end":{"line":72,"column":8}}]},"3":{"line":97,"type":"if","locations":[{"start":{"line":97,"column":8},"end":{"line":97,"column":8}},{"start":{"line":97,"column":8},"end":{"line":97,"column":8}}]},"4":{"line":130,"type":"if","locations":[{"start":{"line":130,"column":8},"end":{"line":130,"column":8}},{"start":{"line":130,"column":8},"end":{"line":130,"column":8}}]}}}}