TN:
SF:/home/jaseempk/My-Projects/hardhat-smartcontract-raffle/contracts/mocks/mocks.sol
FNF:0
FNH:0
LF:0
LH:0
BRF:0
BRH:0
end_of_record
TN:
SF:/home/jaseempk/My-Projects/hardhat-smartcontract-raffle/contracts/Raffle.sol
FN:57,constructor
FN:68,enterRaffle
FN:84,checkUpkeep
FN:95,performUpkeep
FN:119,fulfillRandomWords
FN:136,getRequestConfig
FN:138,requestRandomWords
FN:146,createSubscription
FN:148,getSubscription
FN:157,requestSubscriptionOwnerTransfer
FN:159,acceptSubscriptionOwnerTransfer
FN:161,addConsumer
FN:163,removeConsumer
FN:165,cancelSubscription
FN:167,pendingRequestExists
FN:169,getRaffleState
FN:173,getInterval
FN:177,getPlayer
FNF:18
FNH:7
FNDA:3,constructor
FNDA:9,enterRaffle
FNDA:7,checkUpkeep
FNDA:3,performUpkeep
FNDA:0,fulfillRandomWords
FNDA:0,getRequestConfig
FNDA:0,requestRandomWords
FNDA:0,createSubscription
FNDA:0,getSubscription
FNDA:0,requestSubscriptionOwnerTransfer
FNDA:0,acceptSubscriptionOwnerTransfer
FNDA:0,addConsumer
FNDA:0,removeConsumer
FNDA:0,cancelSubscription
FNDA:0,pendingRequestExists
FNDA:12,getRaffleState
FNDA:11,getInterval
FNDA:1,getPlayer
DA:58,3
DA:59,3
DA:60,3
DA:61,3
DA:62,3
DA:63,3
DA:64,3
DA:65,3
DA:69,9
DA:70,1
DA:72,8
DA:73,0
DA:75,8
DA:76,8
DA:87,7
DA:88,7
DA:89,7
DA:90,7
DA:91,7
DA:92,7
DA:96,3
DA:97,3
DA:98,0
DA:104,3
DA:105,3
DA:112,3
DA:123,0
DA:124,0
DA:125,0
DA:126,0
DA:127,0
DA:128,0
DA:129,0
DA:130,0
DA:131,0
DA:133,0
DA:170,12
DA:174,11
DA:178,1
LF:39
LH:27
BRDA:69,1,0,1
BRDA:69,1,1,8
BRDA:72,2,0,0
BRDA:72,2,1,8
BRDA:97,3,0,0
BRDA:97,3,1,3
BRDA:130,4,0,0
BRDA:130,4,1,0
BRF:8
BRH:4
end_of_record
